#
# A fatal error has been detected by the Java Runtime Environment:
#
#  Internal Error (os_windows_x86.cpp:114), pid=4800, tid=8016
#  Error: guarantee(result == -1,"Unexpected result from topLevelExceptionFilter")
#
# JRE version: 6.0_17-b04
# Java VM: Java HotSpot(TM) 64-Bit Server VM (14.3-b01 mixed mode windows-amd64 )
# If you would like to submit a bug report, please visit:
#   http://java.sun.com/webapps/bugreport/crash.jsp
# The crash happened outside the Java Virtual Machine in native code.
# See problematic frame for where to report the bug.
#

---------------  T H R E A D  ---------------

Current thread (0x0000000005382000):  JavaThread "main" [_thread_in_native, id=8016, stack(0x0000000000060000,0x0000000004060000)]

Stack: [0x0000000000060000,0x0000000004060000]
[error occurred during error reporting (printing stack bounds), id 0xc0000005]

Java frames: (J=compiled Java code, j=interpreted, Vv=VM code)
j  com.mathworks.jmi.NativeMatlab.ProcessPendingEvents()Z+0
j  com.mathworks.jmi.NativeMatlab.processPendingEvents()Z+8
j  com.mathworks.jmi.Matlab$ProcessPendingEvents.callBooleanMethod(Ljava/lang/Object;)Z+0
j  com.mathworks.util.FactoryUtils.processPendingEvents()Z+12
j  com.mathworks.widgets.desk.Desktop.canClose()Z+38
j  com.mathworks.mde.desk.MLDesktop.canClose()Z+113
j  com.mathworks.mde.desk.MLDesktop$2.call()Ljava/lang/Boolean;+4
j  com.mathworks.mde.desk.MLDesktop$2.call()Ljava/lang/Object;+1
j  com.mathworks.jmi.Matlab.isOkToExit()Z+54
v  ~StubRoutines::call_stub
j  com.mathworks.jmi.NativeMatlab.SendMatlabMessage(Ljava/lang/Object;)Ljava/lang/Object;+0
j  com.mathworks.jmi.NativeMatlab.sendMatlabMessage(Ljava/lang/Object;)Ljava/lang/Object;+22
j  com.mathworks.jmi.MatlabLooper.sendMatlabMessage(Lcom/mathworks/services/message/MWMessage;)Ljava/lang/Object;+20
j  com.mathworks.jmi.Matlab.mtFevalConsoleOutput(Ljava/lang/String;[Ljava/lang/Object;I)Ljava/lang/Object;+58
j  com.mathworks.mde.desk.MLDesktop$9.run()V+14
j  com.mathworks.jmi.NativeMatlab.dispatchMTRequests(Z)V+57
v  ~StubRoutines::call_stub

---------------  P R O C E S S  ---------------

Java Threads: ( => current thread )
  0x000000005d767800 JavaThread "Image Fetcher 0" daemon [_thread_blocked, id=4544, stack(0x000000001a660000,0x000000001a6e0000)]
  0x000000005d769800 JavaThread "Code Analyzer updating thread" [_thread_blocked, id=228, stack(0x0000000019d70000,0x0000000019df0000)]
  0x000000005d768000 JavaThread "Prefs Updater" daemon [_thread_blocked, id=4124, stack(0x000000000fdb0000,0x000000000fe30000)]
  0x000000005d763800 JavaThread "Explorer NavigationContext request queue" [_thread_blocked, id=8116, stack(0x0000000019130000,0x00000000191b0000)]
  0x000000005dc9b800 JavaThread "AddressBar directory emptiness poller" [_thread_blocked, id=5720, stack(0x000000000f740000,0x000000000f7c0000)]
  0x000000005d7f9000 JavaThread "Thread-12" daemon [_thread_blocked, id=1584, stack(0x000000002fa60000,0x000000002fae0000)]
  0x000000005d7f8800 JavaThread "CommGroup select thread com.mathworks.toolbox.distcomp.pmode.io.CommunicationGroup@12f64b73" daemon [_thread_in_native, id=824, stack(0x000000000fc70000,0x000000000fcf0000)]
  0x000000005d7f7800 JavaThread "Thread-11" daemon [_thread_blocked, id=2792, stack(0x000000000fd00000,0x000000000fd80000)]
  0x000000005d38d800 JavaThread "LocalScheduler1" daemon [_thread_in_native, id=828, stack(0x000000000f980000,0x000000000fa00000)]
  0x000000005dc9d000 JavaThread "Thread-10" [_thread_blocked, id=7932, stack(0x000000000fb90000,0x000000000fc10000)]
  0x000000005dc9c000 JavaThread "LocalScheduler0" daemon [_thread_blocked, id=2812, stack(0x000000000f800000,0x000000000f880000)]
  0x000000005dc9a800 JavaThread "Code Analyzer updating thread" [_thread_blocked, id=2688, stack(0x0000000029350000,0x00000000293d0000)]
  0x000000005dc9a000 JavaThread "Code Analyzer updating thread" [_thread_blocked, id=8188, stack(0x0000000010e70000,0x0000000010ef0000)]
  0x000000005dc99000 JavaThread "Code Analyzer updating thread" [_thread_blocked, id=6116, stack(0x0000000058da0000,0x0000000058e20000)]
  0x000000005dc98800 JavaThread "Code Analyzer updating thread" [_thread_blocked, id=308, stack(0x00000000602e0000,0x0000000060360000)]
  0x000000005dc97800 JavaThread "Code Analyzer updating thread" [_thread_blocked, id=6452, stack(0x0000000060220000,0x00000000602a0000)]
  0x000000005dc97000 JavaThread "Code Analyzer updating thread" [_thread_blocked, id=3380, stack(0x0000000054ce0000,0x0000000054d60000)]
  0x000000005dc96800 JavaThread "Code Analyzer updating thread" [_thread_blocked, id=3956, stack(0x0000000050be0000,0x0000000050c60000)]
  0x000000005d392800 JavaThread "Code Analyzer updating thread" [_thread_blocked, id=4500, stack(0x0000000050b60000,0x0000000050be0000)]
  0x000000005d391800 JavaThread "Timer-3" [_thread_blocked, id=7164, stack(0x000000002d4b0000,0x000000002d530000)]
  0x000000005d390000 JavaThread "Code Analyzer updating thread" [_thread_blocked, id=7148, stack(0x000000002d3e0000,0x000000002d460000)]
  0x000000005d38f800 JavaThread "Active Reference Queue Daemon" daemon [_thread_blocked, id=2756, stack(0x00000000292c0000,0x0000000029340000)]
  0x000000005d38e800 JavaThread "Timer-2" daemon [_thread_blocked, id=2468, stack(0x0000000014f90000,0x0000000015010000)]
  0x000000005d38e000 JavaThread "Timer-1" daemon [_thread_blocked, id=6932, stack(0x000000000d9b0000,0x000000000da30000)]
  0x000000005d38c800 JavaThread "TimerQueue" daemon [_thread_blocked, id=7196, stack(0x000000000feb0000,0x000000000ff30000)]
  0x000000005d38c000 JavaThread "AWT-EventQueue-0" [_thread_in_Java, id=7860, stack(0x000000000dc90000,0x000000000dd10000)]
  0x000000005d38b000 JavaThread "AWT-Shutdown" [_thread_blocked, id=6564, stack(0x000000000dd60000,0x000000000dde0000)]
  0x000000000ef31800 JavaThread "FelixPackageAdmin" daemon [_thread_blocked, id=3456, stack(0x000000000ff70000,0x000000000fff0000)]
  0x000000005d5d1800 JavaThread "FelixStartLevel" daemon [_thread_blocked, id=5908, stack(0x000000000dc00000,0x000000000dc80000)]
  0x000000005d3f7800 JavaThread "FelixDispatchQueue" daemon [_thread_blocked, id=4932, stack(0x000000000d790000,0x000000000d810000)]
  0x000000000ef3f000 JavaThread "com.google.common.base.internal.Finalizer" daemon [_thread_blocked, id=6948, stack(0x000000000db70000,0x000000000dbf0000)]
  0x000000005d2a9000 JavaThread "AWT-Windows" daemon [_thread_in_native, id=7988, stack(0x000000000d620000,0x000000000d6a0000)]
  0x000000005d2af000 JavaThread "Java2D Disposer" daemon [_thread_blocked, id=8024, stack(0x000000000d6e0000,0x000000000d760000)]
  0x000000000ee7b800 JavaThread "Timer-0" [_thread_blocked, id=5100, stack(0x000000000e840000,0x000000000e8c0000)]
  0x000000000f4b4800 JavaThread "EventMgr Dispatcher" daemon [_thread_in_native, id=2776, stack(0x0000000010f10000,0x0000000014f10000)]
  0x000000000873f000 JavaThread "Low Memory Detector" daemon [_thread_blocked, id=7908, stack(0x000000000d4a0000,0x000000000d520000)]
  0x000000000873a800 JavaThread "CompilerThread1" daemon [_thread_blocked, id=7364, stack(0x0000000080000000,0x0000000084000000)]
  0x0000000008732800 JavaThread "CompilerThread0" daemon [_thread_blocked, id=1576, stack(0x0000000066150000,0x000000006a150000)]
  0x000000000872b800 JavaThread "Attach Listener" daemon [_thread_blocked, id=3876, stack(0x000000000e8e0000,0x000000000e960000)]
  0x00000000086db800 JavaThread "Finalizer" daemon [_thread_blocked, id=4824, stack(0x000000000d520000,0x000000000d5a0000)]
  0x00000000086d5800 JavaThread "Reference Handler" daemon [_thread_blocked, id=7844, stack(0x000000000e770000,0x000000000e7f0000)]
=>0x0000000005382000 JavaThread "main" [_thread_in_native, id=8016, stack(0x0000000000060000,0x0000000004060000)]

Other Threads:
  0x00000000086d2000 VMThread [stack: 0x0000000058e60000,0x000000005ce60000] [id=2256]
  0x0000000008762000 WatcherThread [stack: 0x0000000084140000,0x0000000088140000] [id=7228]

VM state:not at safepoint (normal execution)

VM Mutex/Monitor currently owned by a thread: None

Heap
 PSYoungGen      total 17024K, used 2162K [0x0000000045830000, 0x0000000046c60000, 0x0000000048930000)
  eden space 15552K, 4% used [0x0000000045830000,0x00000000458e5878,0x0000000046760000)
  from space 1472K, 97% used [0x00000000467b0000,0x00000000469171e8,0x0000000046920000)
  to   space 2560K, 0% used [0x00000000469e0000,0x00000000469e0000,0x0000000046c60000)
 PSOldGen        total 84992K, used 61414K [0x000000003c530000, 0x0000000041830000, 0x0000000045830000)
  object space 84992K, 72% used [0x000000003c530000,0x00000000401299e8,0x0000000041830000)
 PSPermGen       total 117248K, used 65176K [0x0000000034530000, 0x000000003b7b0000, 0x000000003c530000)
  object space 117248K, 55% used [0x0000000034530000,0x00000000384d6098,0x000000003b7b0000)

Dynamic libraries:
0x000000013f3b0000 - 0x000000013f3e2000 	C:\MATLAB\R2012a\bin\win64\MATLAB.exe
0x0000000077020000 - 0x00000000771c9000 	C:\Windows\SYSTEM32\ntdll.dll
0x0000000076c50000 - 0x0000000076d6f000 	C:\Windows\system32\kernel32.dll
0x000007fefc8b0000 - 0x000007fefc91b000 	C:\Windows\system32\KERNELBASE.dll
0x0000000074460000 - 0x0000000074554000 	C:\MATLAB\R2012a\bin\win64\libut.dll
0x00000000758a0000 - 0x0000000075952000 	C:\MATLAB\R2012a\bin\win64\libmwi18n.dll
0x0000000180000000 - 0x000000018000b000 	C:\MATLAB\R2012a\bin\win64\libmwresource_core.dll
0x0000000004260000 - 0x0000000004333000 	C:\Windows\WinSxS\amd64_microsoft.vc90.crt_1fc8b3b9a1e18e3b_9.0.30729.4940_none_08e4299fa83d7e3c\MSVCP90.dll
0x00000000745c0000 - 0x000000007465d000 	C:\Windows\WinSxS\amd64_microsoft.vc90.crt_1fc8b3b9a1e18e3b_9.0.30729.4940_none_08e4299fa83d7e3c\MSVCR90.dll
0x000000007a170000 - 0x000000007a19c000 	C:\MATLAB\R2012a\bin\win64\boost_filesystem-vc90-mt-1_44.dll
0x000000007a560000 - 0x000000007a569000 	C:\MATLAB\R2012a\bin\win64\boost_system-vc90-mt-1_44.dll
0x000007fefe460000 - 0x000007fefe53b000 	C:\Windows\system32\ADVAPI32.dll
0x000007fefd320000 - 0x000007fefd3bf000 	C:\Windows\system32\msvcrt.dll
0x000007fefe540000 - 0x000007fefe55f000 	C:\Windows\SYSTEM32\sechost.dll
0x000007fefcc30000 - 0x000007fefcd5d000 	C:\Windows\system32\RPCRT4.dll
0x000000007a010000 - 0x000000007a035000 	C:\MATLAB\R2012a\bin\win64\LIBEXPAT.dll
0x0000000065db0000 - 0x0000000065fa1000 	C:\MATLAB\R2012a\bin\win64\icuin44.dll
0x000000006b7c0000 - 0x000000006b931000 	C:\MATLAB\R2012a\bin\win64\icuuc44.dll
0x0000000010000000 - 0x0000000010e41000 	C:\MATLAB\R2012a\bin\win64\icudt44.dll
0x0000000073f70000 - 0x00000000740ad000 	C:\MATLAB\R2012a\bin\win64\libmwfl.dll
0x0000000004340000 - 0x0000000004636000 	C:\MATLAB\R2012a\bin\win64\libmwMATLAB_res.dll
0x000000007a3b0000 - 0x000000007a3c0000 	C:\MATLAB\R2012a\bin\win64\boost_date_time-vc90-mt-1_44.dll
0x000000007a250000 - 0x000000007a263000 	C:\MATLAB\R2012a\bin\win64\boost_signals-vc90-mt-1_44.dll
0x000000007a2d0000 - 0x000000007a2e2000 	C:\MATLAB\R2012a\bin\win64\boost_thread-vc90-mt-1_44.dll
0x0000000004670000 - 0x00000000046b6000 	C:\MATLAB\R2012a\bin\win64\tbb.dll
0x000007fefd240000 - 0x000007fefd259000 	C:\Windows\system32\imagehlp.dll
0x00000000771e0000 - 0x00000000771e7000 	C:\Windows\system32\PSAPI.DLL
0x000000006b7a0000 - 0x000000006b7b3000 	C:\MATLAB\R2012a\bin\win64\icuio44.dll
0x000007fefa1a0000 - 0x000007fefa2c5000 	C:\Windows\system32\dbghelp.dll
0x0000000076940000 - 0x0000000076a3a000 	C:\Windows\system32\USER32.dll
0x000007fefd260000 - 0x000007fefd2c7000 	C:\Windows\system32\GDI32.dll
0x000007fefe150000 - 0x000007fefe15e000 	C:\Windows\system32\LPK.dll
0x000007fefe270000 - 0x000007fefe339000 	C:\Windows\system32\USP10.dll
0x000000007bed0000 - 0x000000007c183000 	C:\MATLAB\R2012a\bin\win64\libmwservices.dll
0x0000000075a20000 - 0x0000000075ae2000 	C:\MATLAB\R2012a\bin\win64\libmx.dll
0x000000007a210000 - 0x000000007a228000 	C:\MATLAB\R2012a\bin\win64\zlib1.dll
0x0000000004710000 - 0x0000000004731000 	C:\MATLAB\R2012a\bin\win64\libmwmfl_scalar.dll
0x0000000075f10000 - 0x0000000075f5d000 	C:\MATLAB\R2012a\bin\win64\mpath.dll
0x000000007b680000 - 0x000000007bbe1000 	C:\MATLAB\R2012a\bin\win64\mlutil.dll
0x000000006b720000 - 0x000000006b79f000 	C:\MATLAB\R2012a\bin\win64\xmlcore.dll
0x000000007bc30000 - 0x000000007be83000 	C:\MATLAB\R2012a\bin\win64\xerces-c_2_7.dll
0x000007fefd2d0000 - 0x000007fefd31d000 	C:\Windows\system32\WS2_32.dll
0x000007fefd050000 - 0x000007fefd058000 	C:\Windows\system32\NSI.dll
0x0000000004790000 - 0x00000000047aa000 	C:\MATLAB\R2012a\bin\win64\libmwMATLAB_settings_res.dll
0x00000000047c0000 - 0x0000000004807000 	C:\MATLAB\R2012a\bin\win64\boost_serialization-vc90-mt-1_44.dll
0x000007fefd3c0000 - 0x000007fefe148000 	C:\Windows\system32\SHELL32.dll
0x000007fefe340000 - 0x000007fefe3b1000 	C:\Windows\system32\SHLWAPI.dll
0x000007fef64a0000 - 0x000007fef6540000 	C:\Windows\WinSxS\amd64_microsoft.windows.common-controls_6595b64144ccf1df_5.82.7601.17514_none_a4d6a923711520a9\COMCTL32.dll
0x000007fefcb90000 - 0x000007fefcc27000 	C:\Windows\system32\COMDLG32.dll
0x000007fefbc00000 - 0x000007fefbc16000 	C:\Windows\system32\NETAPI32.dll
0x000007fefbbf0000 - 0x000007fefbbfc000 	C:\Windows\system32\netutils.dll
0x000007fefc520000 - 0x000007fefc543000 	C:\Windows\system32\srvcli.dll
0x000007fefbbd0000 - 0x000007fefbbe5000 	C:\Windows\system32\wkscli.dll
0x000007fefcd60000 - 0x000007fefcf63000 	C:\Windows\system32\ole32.dll
0x000007fefe590000 - 0x000007fefe667000 	C:\Windows\system32\OLEAUT32.dll
0x0000000074970000 - 0x0000000074b06000 	C:\MATLAB\R2012a\bin\win64\mcr.dll
0x0000000075000000 - 0x000000007536b000 	C:\MATLAB\R2012a\bin\win64\iqm.dll
0x0000000062160000 - 0x0000000062981000 	C:\MATLAB\R2012a\bin\win64\m_interpreter.dll
0x0000000065d50000 - 0x0000000065d75000 	C:\MATLAB\R2012a\bin\win64\libmex.dll
0x0000000065c90000 - 0x0000000065d43000 	C:\MATLAB\R2012a\bin\win64\m_dispatcher.dll
0x0000000074880000 - 0x000000007496d000 	C:\MATLAB\R2012a\bin\win64\boost_regex-vc90-mt-1_44.dll
0x0000000065c00000 - 0x0000000065c84000 	C:\MATLAB\R2012a\bin\win64\profiler.dll
0x0000000004890000 - 0x0000000004ae5000 	C:\MATLAB\R2012a\bin\win64\libmwmathutil.dll
0x0000000079f40000 - 0x0000000079f6d000 	C:\MATLAB\R2012a\bin\win64\libmwmathrng.dll
0x0000000074c10000 - 0x0000000074ced000 	C:\MATLAB\R2012a\bin\win64\libmwmathcore.dll
0x0000000076160000 - 0x00000000761cb000 	C:\MATLAB\R2012a\bin\win64\libmwspmatrix.dll
0x0000000075ea0000 - 0x0000000075f02000 	C:\MATLAB\R2012a\bin\win64\libmwcholmod.dll
0x000000007a460000 - 0x000000007a46d000 	C:\MATLAB\R2012a\bin\win64\libmwamd.dll
0x000000007a4b0000 - 0x000000007a4bc000 	C:\MATLAB\R2012a\bin\win64\libmwcolamd.dll
0x0000000065d90000 - 0x0000000065da9000 	C:\MATLAB\R2012a\bin\win64\libmwblas.dll
0x0000000065be0000 - 0x0000000065bf2000 	C:\MATLAB\R2012a\bin\win64\libmwbinder.dll
0x000000006f5e0000 - 0x000000006f5eb000 	C:\MATLAB\R2012a\bin\win64\libmwompwrapper.dll
0x0000000065b50000 - 0x0000000065bd6000 	C:\MATLAB\R2012a\bin\win64\libmwlapack.dll
0x0000000065b20000 - 0x0000000065b41000 	C:\MATLAB\R2012a\bin\win64\m_pcodeio.dll
0x0000000079b10000 - 0x0000000079b77000 	C:\MATLAB\R2012a\bin\win64\m_ir.dll
0x0000000063d80000 - 0x00000000643d0000 	C:\MATLAB\R2012a\bin\win64\m_parser.dll
0x0000000065b00000 - 0x0000000065b1a000 	C:\MATLAB\R2012a\bin\win64\ir_xfmr.dll
0x0000000065880000 - 0x0000000065af9000 	C:\MATLAB\R2012a\bin\win64\mcos.dll
0x000000006f6f0000 - 0x000000006f6fc000 	C:\MATLAB\R2012a\bin\win64\mtok.dll
0x0000000065840000 - 0x0000000065871000 	C:\MATLAB\R2012a\bin\win64\m_pcodegen.dll
0x0000000079fb0000 - 0x0000000079fe7000 	C:\MATLAB\R2012a\bin\win64\libmwbridge.dll
0x0000000064f20000 - 0x0000000064fe8000 	C:\MATLAB\R2012a\bin\win64\udd.dll
0x0000000064dc0000 - 0x0000000064f12000 	C:\MATLAB\R2012a\bin\win64\libmwgui.dll
0x0000000065820000 - 0x0000000065837000 	C:\MATLAB\R2012a\bin\win64\graphics_util.dll
0x0000000060770000 - 0x0000000061113000 	C:\MATLAB\R2012a\bin\win64\hg.dll
0x0000000004c60000 - 0x0000000004cc7000 	C:\MATLAB\R2012a\bin\win64\libmat.dll
0x0000000072d30000 - 0x0000000072f44000 	C:\MATLAB\R2012a\bin\win64\hdf5dll.dll
0x0000000075710000 - 0x00000000757c1000 	C:\MATLAB\R2012a\bin\win64\jmi.dll
0x0000000004d00000 - 0x0000000004d0e000 	C:\MATLAB\R2012a\bin\win64\nativejava_services.dll
0x0000000064d70000 - 0x0000000064db2000 	C:\MATLAB\R2012a\bin\win64\libmwhardcopy.dll
0x0000000064d10000 - 0x0000000064d6a000 	C:\MATLAB\R2012a\bin\win64\libuij.dll
0x0000000064b00000 - 0x0000000064d0c000 	C:\MATLAB\R2012a\bin\win64\hgdatatypes.dll
0x0000000064a00000 - 0x0000000064afd000 	C:\MATLAB\R2012a\bin\win64\hgutils.dll
0x0000000064940000 - 0x00000000649fd000 	C:\MATLAB\R2012a\bin\win64\udd_mi.dll
0x0000000004d70000 - 0x0000000004dab000 	C:\MATLAB\R2012a\bin\win64\libmwgbtutils.dll
0x0000000004dc0000 - 0x0000000004dd9000 	C:\MATLAB\R2012a\bin\win64\libmwgbt.dll
0x0000000004df0000 - 0x00000000050ba000 	C:\MATLAB\R2012a\bin\win64\uiw.dll
0x000000006f400000 - 0x000000006f40f000 	C:\MATLAB\R2012a\bin\win64\uinone.dll
0x000007fef97f0000 - 0x000007fef9808000 	C:\Windows\system32\MPR.dll
0x0000000063890000 - 0x0000000063d74000 	C:\Windows\WinSxS\amd64_microsoft.vc90.mfc_1fc8b3b9a1e18e3b_9.0.30729.1_none_951ab4128654b0c9\mfc90.dll
0x000007fef8ff0000 - 0x000007fef8ff7000 	C:\Windows\system32\MSIMG32.dll
0x000007fef5e40000 - 0x000007fef5eb1000 	C:\Windows\system32\WINSPOOL.DRV
0x0000000064920000 - 0x0000000064940000 	C:\MATLAB\R2012a\bin\win64\mwoles05.DLL
0x0000000064740000 - 0x00000000647bc000 	C:\MATLAB\R2012a\bin\win64\comcli.dll
0x0000000005100000 - 0x000000000512f000 	C:\Windows\WinSxS\amd64_microsoft.vc90.atl_1fc8b3b9a1e18e3b_9.0.30729.1_none_9aefdaaa829eb818\ATL90.DLL
0x000000006f5c0000 - 0x000000006f5cc000 	C:\MATLAB\R2012a\bin\win64\mlautoregister.dll
0x0000000005140000 - 0x0000000005150000 	C:\MATLAB\R2012a\bin\win64\boost_iostreams-vc90-mt-1_44.dll
0x000007fefe560000 - 0x000007fefe58e000 	C:\Windows\system32\IMM32.DLL
0x000007fefe160000 - 0x000007fefe269000 	C:\Windows\system32\MSCTF.dll
0x000007fefac30000 - 0x000007fefac86000 	C:\Windows\system32\UxTheme.dll
0x000007fefa2d0000 - 0x000007fefa2e8000 	C:\Windows\system32\dwmapi.dll
0x0000000071900000 - 0x000000007190d000 	C:\Windows\WinSxS\amd64_microsoft.vc90.mfcloc_1fc8b3b9a1e18e3b_9.0.30729.1_none_92995f253c01eddb\MFC90ENU.DLL
0x00000000052a0000 - 0x00000000052c9000 	C:\MATLAB\R2012a\bin\win64\tbbmalloc.dll
0x000007fefc7c0000 - 0x000007fefc7cf000 	C:\Windows\system32\profapi.dll
0x000007fefa000000 - 0x000007fefa00f000 	C:\MATLAB\R2012a\bin\win64\xmlxrcsc.dll
0x0000000078870000 - 0x0000000078ecd000 	C:\MATLAB\R2012a\sys\java\jre\win64\jre\bin\server\jvm.dll
0x000007fefa490000 - 0x000007fefa4cb000 	C:\Windows\system32\WINMM.dll
0x000000006e740000 - 0x000000006e743000 	C:\Windows\system32\icmp.Dll
0x000007fef9450000 - 0x000007fef9477000 	C:\Windows\system32\iphlpapi.DLL
0x000007fef9440000 - 0x000007fef944b000 	C:\Windows\system32\WINNSI.DLL
0x000007fefc620000 - 0x000007fefc645000 	C:\Windows\system32\SspiCli.dll
0x000007fefa6d0000 - 0x000007fefa6e5000 	C:\Windows\system32\NLAapi.dll
0x000007fef8500000 - 0x000007fef8515000 	C:\Windows\system32\napinsp.dll
0x000007fef84e0000 - 0x000007fef84f9000 	C:\Windows\system32\pnrpnsp.dll
0x000007fefbff0000 - 0x000007fefc045000 	C:\Windows\System32\mswsock.dll
0x000007fefbe70000 - 0x000007fefbecb000 	C:\Windows\system32\DNSAPI.dll
0x000007fef84d0000 - 0x000007fef84db000 	C:\Windows\System32\winrnr.dll
0x000007fef84a0000 - 0x000007fef84ce000 	C:\Program Files\Common Files\Microsoft Shared\Windows Live\WLIDNSP.DLL

VM Arguments:
jvm_args: -Xss512k -XX:PermSize=32m -Xms64m -XX:NewRatio=3 -XX:MaxPermSize=128m -Xmx196m -XX:MaxDirectMemorySize=2147400000 -Dsun.java2d.noddraw=true -Dsun.awt.nopixfmt=true -Xshare:off -Xrs -Dsun.awt.disableMixing=true -Djava.library.path=C:\MATLAB\R2012a\bin\win64 vfprintf abort 
java_command: <unknown>
Launcher Type: generic

Environment Variables:
PATH=C:\Program Files (x86)\NVIDIA Corporation\PhysX\Common;C:\gurobi550\win64\bin;C:\MATLAB\R2012a\bin\win64;C:\MinGW\bin;C:\Python27;C:\VTK\bin;C:\Program Files\Common Files\Microsoft Shared\Windows Live;C:\Program Files (x86)\Common Files\Microsoft Shared\Windows Live;C:\Windows\system32;C:\Windows;C:\Windows\System32\Wbem;C:\Windows\System32\WindowsPowerShell\v1.0\;C:\Program Files (x86)\Intel\Services\IPT\;C:\Program Files\Dell\Dell Data Protection\Access\Advanced\Wave\Gemalto\Access Client\v5\;C:\Program Files (x86)\NTRU Cryptosystems\NTRU TCG Software Stack\bin\;C:\Program Files\NTRU Cryptosystems\NTRU TCG Software Stack\bin\;C:\Program Files (x86)\Windows Live\Shared;C:\MATLAB\R2012a\runtime\win64;C:\MATLAB\R2012a\bin;C:\Program Files (x86)\CMake 2.8\bin;C:\Program Files\Microsoft SQL Server\110\Tools\Binn\;C:\Program Files (x86)\GtkSharp\2.12\bin;C:\Program Files\MiKTeX 2.9\miktex\bin\x64\;C:\Program Files\Microsoft Windows Performance Toolkit\;C:\Graphviz2.30\bin;C:\Tcl\bin;C:\Program Files (x86)\PSCAD44\Utilities;C:\MinGW\bin;C:\Python27;C:\VTK\bin;C:\gurobi502\win64\bin;C:\Program Files\Common Files\Microsoft Shared\Windows Live;C:\Program Files (x86)\Common Files\Microsoft Shared\Windows Live;C:\Windows\system32;C:\Windows;C:\Windows\System32\Wbem;C:\Windows\System32\WindowsPowerShell\v1.0\;C:\Program Files (x86)\Intel\Services\IPT\;C:\Program Files\Dell\Dell Data Protection\Access\Advanced\Wave\Gemalto\Access Client\v5\;C:\Program Files (x86)\NTRU Cryptosystems\NTRU TCG Software Stack\bin\;C:\Program Files\NTRU Cryptosystems\NTRU TCG Software Stack\bin\;C:\Program Files (x86)\Windows Live\Shared;C:\MATLAB\R2012a\runtime\win64;C:\MATLAB\R2012a\bin;C:\Program Files (x86)\CMake 2.8\bin;C:\Program Files\Microsoft SQL Server\110\Tools\Binn\;C:\Program Files (x86)\GtkSharp\2.12\bin;C:\Program Files\MiKTeX 2.9\miktex\bin\x64\;C:\Python27\Scripts\
USERNAME=Anton
OS=Windows_NT
PROCESSOR_IDENTIFIER=Intel64 Family 6 Model 45 Stepping 7, GenuineIntel



---------------  S Y S T E M  ---------------

OS: Windows 7 Build 7601 Service Pack 1

CPU:total 4 (16 cores per cpu, 2 threads per core) family 6 model 45 stepping 7, cmov, cx8, fxsr, mmx, sse, sse2, sse3, ssse3, sse4.1, sse4.2, ht

Memory: 4k page, physical 8345524k(4133084k free), swap 16689188k(11715540k free)

vm_info: Java HotSpot(TM) 64-Bit Server VM (14.3-b01) for windows-amd64 JRE (1.6.0_17-b04), built on Oct 11 2009 00:46:08 by "java_re" with MS VC++ 8.0

time: Fri Jun 14 11:17:35 2013
elapsed time: 6257 seconds

